build/app/intermediates/manifest_merge_blame_file/debug/manifest-merger-blame-debug-report.txt
1<?xml version="1.0" encoding="utf-8"?>
2<manifest xmlns:android="http://schemas.android.com/apk/res/android"
3    package="com.example.saghi"
4    android:versionCode="1"
5    android:versionName="1.0.0" >
6
7    <uses-sdk
8        android:minSdkVersion="21"
9        android:targetSdkVersion="33" />
10    <!--
11         The INTERNET permission is required for development. Specifically,
12         the Flutter tool needs it to communicate with the running application
13         to allow setting breakpoints, to provide hot reload, etc.
14    -->
15    <uses-permission android:name="android.permission.INTERNET" />
15-->src/main/AndroidManifest.xml:4:5-66
15-->src/main/AndroidManifest.xml:4:22-64
16    <uses-permission android:name="android.permission.WRITE_EXTERNAL_STORAGE" />
16-->src/main/AndroidManifest.xml:5:5-80
16-->src/main/AndroidManifest.xml:5:22-78
17    <uses-permission android:name="android.permission.RECORD_AUDIO" />
17-->src/main/AndroidManifest.xml:6:5-70
17-->src/main/AndroidManifest.xml:6:22-68
18    <uses-permission android:name="android.permission.BLUETOOTH" />
18-->src/main/AndroidManifest.xml:7:5-67
18-->src/main/AndroidManifest.xml:7:22-65
19    <uses-permission android:name="android.permission.BLUETOOTH_ADMIN" />
19-->src/main/AndroidManifest.xml:8:5-73
19-->src/main/AndroidManifest.xml:8:22-71
20    <uses-permission android:name="android.permission.BLUETOOTH_CONNECT" />
20-->src/main/AndroidManifest.xml:9:5-75
20-->src/main/AndroidManifest.xml:9:22-73
21
22    <queries>
22-->src/main/AndroidManifest.xml:11:5-15:15
23        <intent>
23-->src/main/AndroidManifest.xml:12:9-14:18
24            <action android:name="android.speech.RecognitionService" />
24-->src/main/AndroidManifest.xml:13:13-72
24-->src/main/AndroidManifest.xml:13:21-69
25        </intent>
26        <intent>
26-->[:file_picker] AndroidManifest.xml:12:9-16:18
27            <action android:name="android.intent.action.GET_CONTENT" />
27-->[:file_picker] AndroidManifest.xml:13:13-72
27-->[:file_picker] AndroidManifest.xml:13:21-69
28
29            <data android:mimeType="*/*" />
29-->[:file_picker] AndroidManifest.xml:15:13-44
29-->[:file_picker] AndroidManifest.xml:15:19-41
30        </intent>
31    </queries>
32
33    <uses-permission android:name="android.permission.READ_EXTERNAL_STORAGE" />
33-->[:file_picker] AndroidManifest.xml:9:5-80
33-->[:file_picker] AndroidManifest.xml:9:22-77
34    <uses-permission android:name="android.permission.ACCESS_NETWORK_STATE" />
34-->[com.google.firebase:firebase-auth:21.1.0] AndroidManifest.xml:24:5-79
34-->[com.google.firebase:firebase-auth:21.1.0] AndroidManifest.xml:24:22-76
35    <uses-permission android:name="android.permission.WAKE_LOCK" />
35-->[com.google.android.gms:play-services-measurement-api:21.2.0] AndroidManifest.xml:24:5-68
35-->[com.google.android.gms:play-services-measurement-api:21.2.0] AndroidManifest.xml:24:22-65
36    <uses-permission android:name="com.google.android.gms.permission.AD_ID" />
36-->[com.google.android.gms:play-services-measurement-api:21.2.0] AndroidManifest.xml:25:5-79
36-->[com.google.android.gms:play-services-measurement-api:21.2.0] AndroidManifest.xml:25:22-76
37    <uses-permission android:name="com.google.android.finsky.permission.BIND_GET_INSTALL_REFERRER_SERVICE" />
37-->[com.google.android.gms:play-services-measurement:21.2.0] AndroidManifest.xml:26:5-110
37-->[com.google.android.gms:play-services-measurement:21.2.0] AndroidManifest.xml:26:22-107
38
39    <permission
39-->[androidx.core:core:1.9.0] AndroidManifest.xml:22:5-24:47
40        android:name="com.example.saghi.DYNAMIC_RECEIVER_NOT_EXPORTED_PERMISSION"
40-->[androidx.core:core:1.9.0] AndroidManifest.xml:23:9-81
41        android:protectionLevel="signature" />
41-->[androidx.core:core:1.9.0] AndroidManifest.xml:24:9-44
42
43    <uses-permission android:name="com.example.saghi.DYNAMIC_RECEIVER_NOT_EXPORTED_PERMISSION" />
43-->[androidx.core:core:1.9.0] AndroidManifest.xml:26:5-97
43-->[androidx.core:core:1.9.0] AndroidManifest.xml:26:22-94
44
45    <application
46        android:name="android.app.Application"
47        android:appComponentFactory="androidx.core.app.CoreComponentFactory"
47-->[androidx.core:core:1.9.0] AndroidManifest.xml:28:18-86
48        android:debuggable="true"
49        android:icon="@mipmap/ic_launcher"
50        android:label="saghi" >
51        <activity
52            android:name="com.example.saghi.MainActivity"
53            android:configChanges="orientation|keyboardHidden|keyboard|screenSize|smallestScreenSize|locale|layoutDirection|fontScale|screenLayout|density|uiMode"
54            android:exported="true"
55            android:hardwareAccelerated="true"
56            android:launchMode="singleTop"
57            android:theme="@style/LaunchTheme"
58            android:windowSoftInputMode="adjustResize" >
59
60            <!--
61                 Specifies an Android theme to apply to this Activity as soon as
62                 the Android process has started. This theme is visible to the user
63                 while the Flutter UI initializes. After that, this theme continues
64                 to determine the Window background behind the Flutter UI.
65            -->
66            <meta-data
67                android:name="io.flutter.embedding.android.NormalTheme"
68                android:resource="@style/NormalTheme" />
69
70            <intent-filter>
71                <action android:name="android.intent.action.MAIN" />
72
73                <category android:name="android.intent.category.LAUNCHER" />
74            </intent-filter>
75        </activity>
76        <!--
77             Don't delete the meta-data below.
78             This is used by the Flutter tool to generate GeneratedPluginRegistrant.java
79        -->
80        <meta-data
81            android:name="flutterEmbedding"
82            android:value="2" />
83
84        <service
84-->[:cloud_firestore] AndroidManifest.xml:10:9-14:19
85            android:name="com.google.firebase.components.ComponentDiscoveryService"
85-->[:cloud_firestore] AndroidManifest.xml:10:18-89
86            android:directBootAware="true"
86-->[com.google.firebase:firebase-common:20.2.0] AndroidManifest.xml:34:13-43
87            android:exported="false" >
87-->[com.google.firebase:firebase-auth:21.1.0] AndroidManifest.xml:66:13-37
88            <meta-data
88-->[:cloud_firestore] AndroidManifest.xml:11:13-13:85
89                android:name="com.google.firebase.components:io.flutter.plugins.firebase.firestore.FlutterFirebaseFirestoreRegistrar"
89-->[:cloud_firestore] AndroidManifest.xml:12:17-134
90                android:value="com.google.firebase.components.ComponentRegistrar" />
90-->[:cloud_firestore] AndroidManifest.xml:13:17-82
91            <meta-data
91-->[:firebase_auth] AndroidManifest.xml:11:13-13:85
92                android:name="com.google.firebase.components:io.flutter.plugins.firebase.auth.FlutterFirebaseAuthRegistrar"
92-->[:firebase_auth] AndroidManifest.xml:12:17-124
93                android:value="com.google.firebase.components.ComponentRegistrar" />
93-->[:firebase_auth] AndroidManifest.xml:13:17-82
94            <meta-data
94-->[:firebase_storage] AndroidManifest.xml:11:13-13:85
95                android:name="com.google.firebase.components:io.flutter.plugins.firebase.storage.FlutterFirebaseAppRegistrar"
95-->[:firebase_storage] AndroidManifest.xml:12:17-126
96                android:value="com.google.firebase.components.ComponentRegistrar" />
96-->[:firebase_storage] AndroidManifest.xml:13:17-82
97            <meta-data
97-->[:firebase_core] AndroidManifest.xml:11:13-13:85
98                android:name="com.google.firebase.components:io.flutter.plugins.firebase.core.FlutterFirebaseCoreRegistrar"
98-->[:firebase_core] AndroidManifest.xml:12:17-124
99                android:value="com.google.firebase.components.ComponentRegistrar" />
99-->[:firebase_core] AndroidManifest.xml:13:17-82
100            <meta-data
100-->[com.google.firebase:firebase-auth:21.1.0] AndroidManifest.xml:67:13-69:85
101                android:name="com.google.firebase.components:com.google.firebase.auth.FirebaseAuthRegistrar"
101-->[com.google.firebase:firebase-auth:21.1.0] AndroidManifest.xml:68:17-109
102                android:value="com.google.firebase.components.ComponentRegistrar" />
102-->[com.google.firebase:firebase-auth:21.1.0] AndroidManifest.xml:69:17-82
103            <meta-data
103-->[com.google.firebase:firebase-firestore:24.4.1] AndroidManifest.xml:19:13-21:85
104                android:name="com.google.firebase.components:com.google.firebase.firestore.FirestoreRegistrar"
104-->[com.google.firebase:firebase-firestore:24.4.1] AndroidManifest.xml:20:17-111
105                android:value="com.google.firebase.components.ComponentRegistrar" />
105-->[com.google.firebase:firebase-firestore:24.4.1] AndroidManifest.xml:21:17-82
106            <meta-data
106-->[com.google.firebase:firebase-storage:20.1.0] AndroidManifest.xml:32:13-34:85
107                android:name="com.google.firebase.components:com.google.firebase.storage.StorageRegistrar"
107-->[com.google.firebase:firebase-storage:20.1.0] AndroidManifest.xml:33:17-107
108                android:value="com.google.firebase.components.ComponentRegistrar" />
108-->[com.google.firebase:firebase-storage:20.1.0] AndroidManifest.xml:34:17-82
109            <meta-data
109-->[com.google.android.gms:play-services-measurement-api:21.2.0] AndroidManifest.xml:31:13-33:85
110                android:name="com.google.firebase.components:com.google.firebase.analytics.connector.internal.AnalyticsConnectorRegistrar"
110-->[com.google.android.gms:play-services-measurement-api:21.2.0] AndroidManifest.xml:32:17-139
111                android:value="com.google.firebase.components.ComponentRegistrar" />
111-->[com.google.android.gms:play-services-measurement-api:21.2.0] AndroidManifest.xml:33:17-82
112            <meta-data
112-->[com.google.firebase:firebase-installations:17.1.0] AndroidManifest.xml:17:13-19:85
113                android:name="com.google.firebase.components:com.google.firebase.installations.FirebaseInstallationsRegistrar"
113-->[com.google.firebase:firebase-installations:17.1.0] AndroidManifest.xml:18:17-127
114                android:value="com.google.firebase.components.ComponentRegistrar" />
114-->[com.google.firebase:firebase-installations:17.1.0] AndroidManifest.xml:19:17-82
115        </service>
116
117        <provider
117-->[:image_picker_android] AndroidManifest.xml:10:9-18:20
118            android:name="io.flutter.plugins.imagepicker.ImagePickerFileProvider"
118-->[:image_picker_android] AndroidManifest.xml:11:13-82
119            android:authorities="com.example.saghi.flutter.image_provider"
119-->[:image_picker_android] AndroidManifest.xml:12:13-74
120            android:exported="false"
120-->[:image_picker_android] AndroidManifest.xml:13:13-37
121            android:grantUriPermissions="true" >
121-->[:image_picker_android] AndroidManifest.xml:14:13-47
122            <meta-data
122-->[:image_picker_android] AndroidManifest.xml:15:13-17:75
123                android:name="android.support.FILE_PROVIDER_PATHS"
123-->[:image_picker_android] AndroidManifest.xml:16:17-67
124                android:resource="@xml/flutter_image_picker_file_paths" />
124-->[:image_picker_android] AndroidManifest.xml:17:17-72
125        </provider>
126
127        <activity
127-->[:url_launcher_android] AndroidManifest.xml:10:9-13:74
128            android:name="io.flutter.plugins.urllauncher.WebViewActivity"
128-->[:url_launcher_android] AndroidManifest.xml:11:13-74
129            android:exported="false"
129-->[:url_launcher_android] AndroidManifest.xml:12:13-37
130            android:theme="@android:style/Theme.NoTitleBar.Fullscreen" />
130-->[:url_launcher_android] AndroidManifest.xml:13:13-71
131        <!--
132           Declares a provider which allows us to store files to share in
133           '.../caches/share_plus' and grant the receiving action access
134        -->
135        <provider
135-->[:share_plus] AndroidManifest.xml:15:9-23:20
136            android:name="dev.fluttercommunity.plus.share.ShareFileProvider"
136-->[:share_plus] AndroidManifest.xml:16:13-77
137            android:authorities="com.example.saghi.flutter.share_provider"
137-->[:share_plus] AndroidManifest.xml:17:13-74
138            android:exported="false"
138-->[:share_plus] AndroidManifest.xml:18:13-37
139            android:grantUriPermissions="true" >
139-->[:share_plus] AndroidManifest.xml:19:13-47
140            <meta-data
140-->[:image_picker_android] AndroidManifest.xml:15:13-17:75
141                android:name="android.support.FILE_PROVIDER_PATHS"
141-->[:image_picker_android] AndroidManifest.xml:16:17-67
142                android:resource="@xml/flutter_share_file_paths" />
142-->[:image_picker_android] AndroidManifest.xml:17:17-72
143        </provider>
144        <!--
145           This manifest declared broadcast receiver allows us to use an explicit
146           Intent when creating a PendingItent to be informed of the user's choice
147        -->
148        <receiver
148-->[:share_plus] AndroidManifest.xml:28:9-34:20
149            android:name="dev.fluttercommunity.plus.share.SharePlusPendingIntent"
149-->[:share_plus] AndroidManifest.xml:29:13-82
150            android:exported="true" >
150-->[:share_plus] AndroidManifest.xml:30:13-36
151            <intent-filter>
151-->[:share_plus] AndroidManifest.xml:31:13-33:29
152                <action android:name="EXTRA_CHOSEN_COMPONENT" />
152-->[:share_plus] AndroidManifest.xml:32:17-65
152-->[:share_plus] AndroidManifest.xml:32:25-62
153            </intent-filter>
154        </receiver>
155
156        <uses-library
156-->[androidx.window:window:1.0.0-beta04] AndroidManifest.xml:25:9-27:40
157            android:name="androidx.window.extensions"
157-->[androidx.window:window:1.0.0-beta04] AndroidManifest.xml:26:13-54
158            android:required="false" />
158-->[androidx.window:window:1.0.0-beta04] AndroidManifest.xml:27:13-37
159        <uses-library
159-->[androidx.window:window:1.0.0-beta04] AndroidManifest.xml:28:9-30:40
160            android:name="androidx.window.sidecar"
160-->[androidx.window:window:1.0.0-beta04] AndroidManifest.xml:29:13-51
161            android:required="false" />
161-->[androidx.window:window:1.0.0-beta04] AndroidManifest.xml:30:13-37
162
163        <activity
163-->[com.google.firebase:firebase-auth:21.1.0] AndroidManifest.xml:27:9-44:20
164            android:name="com.google.firebase.auth.internal.GenericIdpActivity"
164-->[com.google.firebase:firebase-auth:21.1.0] AndroidManifest.xml:28:13-80
165            android:excludeFromRecents="true"
165-->[com.google.firebase:firebase-auth:21.1.0] AndroidManifest.xml:29:13-46
166            android:exported="true"
166-->[com.google.firebase:firebase-auth:21.1.0] AndroidManifest.xml:30:13-36
167            android:launchMode="singleTask"
167-->[com.google.firebase:firebase-auth:21.1.0] AndroidManifest.xml:31:13-44
168            android:theme="@android:style/Theme.Translucent.NoTitleBar" >
168-->[com.google.firebase:firebase-auth:21.1.0] AndroidManifest.xml:32:13-72
169            <intent-filter>
169-->[com.google.firebase:firebase-auth:21.1.0] AndroidManifest.xml:33:13-43:29
170                <action android:name="android.intent.action.VIEW" />
170-->[com.google.firebase:firebase-auth:21.1.0] AndroidManifest.xml:34:17-69
170-->[com.google.firebase:firebase-auth:21.1.0] AndroidManifest.xml:34:25-66
171
172                <category android:name="android.intent.category.DEFAULT" />
172-->[com.google.firebase:firebase-auth:21.1.0] AndroidManifest.xml:36:17-76
172-->[com.google.firebase:firebase-auth:21.1.0] AndroidManifest.xml:36:27-73
173                <category android:name="android.intent.category.BROWSABLE" />
173-->[com.google.firebase:firebase-auth:21.1.0] AndroidManifest.xml:37:17-78
173-->[com.google.firebase:firebase-auth:21.1.0] AndroidManifest.xml:37:27-75
174
175                <data
175-->[:file_picker] AndroidManifest.xml:15:13-44
176                    android:host="firebase.auth"
177                    android:path="/"
178                    android:scheme="genericidp" />
179            </intent-filter>
180        </activity>
181        <activity
181-->[com.google.firebase:firebase-auth:21.1.0] AndroidManifest.xml:45:9-62:20
182            android:name="com.google.firebase.auth.internal.RecaptchaActivity"
182-->[com.google.firebase:firebase-auth:21.1.0] AndroidManifest.xml:46:13-79
183            android:excludeFromRecents="true"
183-->[com.google.firebase:firebase-auth:21.1.0] AndroidManifest.xml:47:13-46
184            android:exported="true"
184-->[com.google.firebase:firebase-auth:21.1.0] AndroidManifest.xml:48:13-36
185            android:launchMode="singleTask"
185-->[com.google.firebase:firebase-auth:21.1.0] AndroidManifest.xml:49:13-44
186            android:theme="@android:style/Theme.Translucent.NoTitleBar" >
186-->[com.google.firebase:firebase-auth:21.1.0] AndroidManifest.xml:50:13-72
187            <intent-filter>
187-->[com.google.firebase:firebase-auth:21.1.0] AndroidManifest.xml:51:13-61:29
188                <action android:name="android.intent.action.VIEW" />
188-->[com.google.firebase:firebase-auth:21.1.0] AndroidManifest.xml:34:17-69
188-->[com.google.firebase:firebase-auth:21.1.0] AndroidManifest.xml:34:25-66
189
190                <category android:name="android.intent.category.DEFAULT" />
190-->[com.google.firebase:firebase-auth:21.1.0] AndroidManifest.xml:36:17-76
190-->[com.google.firebase:firebase-auth:21.1.0] AndroidManifest.xml:36:27-73
191                <category android:name="android.intent.category.BROWSABLE" />
191-->[com.google.firebase:firebase-auth:21.1.0] AndroidManifest.xml:37:17-78
191-->[com.google.firebase:firebase-auth:21.1.0] AndroidManifest.xml:37:27-75
192
193                <data
193-->[:file_picker] AndroidManifest.xml:15:13-44
194                    android:host="firebase.auth"
195                    android:path="/"
196                    android:scheme="recaptcha" />
197            </intent-filter>
198        </activity>
199
200        <provider
200-->[com.google.firebase:firebase-common:20.2.0] AndroidManifest.xml:25:9-30:39
201            android:name="com.google.firebase.provider.FirebaseInitProvider"
201-->[com.google.firebase:firebase-common:20.2.0] AndroidManifest.xml:26:13-77
202            android:authorities="com.example.saghi.firebaseinitprovider"
202-->[com.google.firebase:firebase-common:20.2.0] AndroidManifest.xml:27:13-72
203            android:directBootAware="true"
203-->[com.google.firebase:firebase-common:20.2.0] AndroidManifest.xml:28:13-43
204            android:exported="false"
204-->[com.google.firebase:firebase-common:20.2.0] AndroidManifest.xml:29:13-37
205            android:initOrder="100" />
205-->[com.google.firebase:firebase-common:20.2.0] AndroidManifest.xml:30:13-36
206
207        <receiver
207-->[com.google.android.gms:play-services-measurement:21.2.0] AndroidManifest.xml:29:9-33:20
208            android:name="com.google.android.gms.measurement.AppMeasurementReceiver"
208-->[com.google.android.gms:play-services-measurement:21.2.0] AndroidManifest.xml:30:13-85
209            android:enabled="true"
209-->[com.google.android.gms:play-services-measurement:21.2.0] AndroidManifest.xml:31:13-35
210            android:exported="false" >
210-->[com.google.android.gms:play-services-measurement:21.2.0] AndroidManifest.xml:32:13-37
211        </receiver>
212
213        <service
213-->[com.google.android.gms:play-services-measurement:21.2.0] AndroidManifest.xml:35:9-38:40
214            android:name="com.google.android.gms.measurement.AppMeasurementService"
214-->[com.google.android.gms:play-services-measurement:21.2.0] AndroidManifest.xml:36:13-84
215            android:enabled="true"
215-->[com.google.android.gms:play-services-measurement:21.2.0] AndroidManifest.xml:37:13-35
216            android:exported="false" />
216-->[com.google.android.gms:play-services-measurement:21.2.0] AndroidManifest.xml:38:13-37
217        <service
217-->[com.google.android.gms:play-services-measurement:21.2.0] AndroidManifest.xml:39:9-43:72
218            android:name="com.google.android.gms.measurement.AppMeasurementJobService"
218-->[com.google.android.gms:play-services-measurement:21.2.0] AndroidManifest.xml:40:13-87
219            android:enabled="true"
219-->[com.google.android.gms:play-services-measurement:21.2.0] AndroidManifest.xml:41:13-35
220            android:exported="false"
220-->[com.google.android.gms:play-services-measurement:21.2.0] AndroidManifest.xml:42:13-37
221            android:permission="android.permission.BIND_JOB_SERVICE" />
221-->[com.google.android.gms:play-services-measurement:21.2.0] AndroidManifest.xml:43:13-69
222
223        <activity
223-->[com.google.android.gms:play-services-base:18.0.1] AndroidManifest.xml:20:9-22:45
224            android:name="com.google.android.gms.common.api.GoogleApiActivity"
224-->[com.google.android.gms:play-services-base:18.0.1] AndroidManifest.xml:20:19-85
225            android:exported="false"
225-->[com.google.android.gms:play-services-base:18.0.1] AndroidManifest.xml:22:19-43
226            android:theme="@android:style/Theme.Translucent.NoTitleBar" />
226-->[com.google.android.gms:play-services-base:18.0.1] AndroidManifest.xml:21:19-78
227
228        <meta-data
228-->[com.google.android.gms:play-services-basement:18.1.0] AndroidManifest.xml:21:9-23:69
229            android:name="com.google.android.gms.version"
229-->[com.google.android.gms:play-services-basement:18.1.0] AndroidManifest.xml:22:13-58
230            android:value="@integer/google_play_services_version" />
230-->[com.google.android.gms:play-services-basement:18.1.0] AndroidManifest.xml:23:13-66
231    </application>
232
233</manifest>